2025-09-09 11:01:24.716 INFO  [main] com.nhnacademy.chap02.HttpRequest - MyPage 필터 추가
2025-09-09 11:01:24.723 INFO  [main] com.nhnacademy.chap02.HttpRequest - AdminPage 필터 추가
2025-09-09 11:01:24.725 INFO  [main] com.nhnacademy.chap02.HttpRequest - /mypage -> doFilter 실행
2025-09-09 11:01:24.726 INFO  [main] com.nhnacademy.chap02.HttpRequest - MyPage 필터 추가
2025-09-09 11:01:24.726 INFO  [main] com.nhnacademy.chap02.HttpRequest - AdminPage 필터 추가
2025-09-09 11:01:24.727 INFO  [main] com.nhnacademy.chap02.HttpRequest - /admin -> doFilter 실행
2025-09-09 11:11:56.840 INFO  [main] com.nhnacademy.chap02.HttpRequest - MyPage 필터 추가
2025-09-09 11:11:56.842 INFO  [main] com.nhnacademy.chap02.HttpRequest - AdminPage 필터 추가
2025-09-09 11:11:56.843 INFO  [main] com.nhnacademy.chap02.HttpRequest - OrderPage 필터 추가
2025-09-09 11:11:56.844 INFO  [main] com.nhnacademy.chap02.HttpRequest - /mypage -> doFilter 실행
2025-09-09 11:11:56.845 INFO  [main] com.nhnacademy.chap02.HttpRequest - MyPage 필터 추가
2025-09-09 11:11:56.845 INFO  [main] com.nhnacademy.chap02.HttpRequest - AdminPage 필터 추가
2025-09-09 11:11:56.845 INFO  [main] com.nhnacademy.chap02.HttpRequest - OrderPage 필터 추가
2025-09-09 11:11:56.846 INFO  [main] com.nhnacademy.chap02.HttpRequest - /admin -> doFilter 실행
2025-09-09 11:11:56.846 INFO  [main] com.nhnacademy.chap02.HttpRequest - MyPage 필터 추가
2025-09-09 11:11:56.846 INFO  [main] com.nhnacademy.chap02.HttpRequest - AdminPage 필터 추가
2025-09-09 11:11:56.847 INFO  [main] com.nhnacademy.chap02.HttpRequest - OrderPage 필터 추가
2025-09-09 11:11:56.847 INFO  [main] com.nhnacademy.chap02.HttpRequest - /order -> doFilter 실행
2025-09-09 11:13:24.274 INFO  [main] com.nhnacademy.chap02.HttpRequest - MyPage 필터 추가
2025-09-09 11:13:24.276 INFO  [main] com.nhnacademy.chap02.HttpRequest - AdminPage 필터 추가
2025-09-09 11:13:24.276 INFO  [main] com.nhnacademy.chap02.HttpRequest - OrderPage 필터 추가
2025-09-09 11:13:24.278 INFO  [main] com.nhnacademy.chap02.HttpRequest - /mypage -> doFilter 실행
2025-09-09 11:13:24.279 INFO  [main] com.nhnacademy.chap02.HttpRequest - MyPage 필터 추가
2025-09-09 11:13:24.279 INFO  [main] com.nhnacademy.chap02.HttpRequest - AdminPage 필터 추가
2025-09-09 11:13:24.279 INFO  [main] com.nhnacademy.chap02.HttpRequest - OrderPage 필터 추가
2025-09-09 11:13:24.280 INFO  [main] com.nhnacademy.chap02.HttpRequest - /admin -> doFilter 실행
2025-09-09 11:13:24.281 INFO  [main] com.nhnacademy.chap02.HttpRequest - MyPage 필터 추가
2025-09-09 11:13:24.281 INFO  [main] com.nhnacademy.chap02.HttpRequest - AdminPage 필터 추가
2025-09-09 11:13:24.281 INFO  [main] com.nhnacademy.chap02.HttpRequest - OrderPage 필터 추가
2025-09-09 11:13:24.282 INFO  [main] com.nhnacademy.chap02.HttpRequest - /order -> doFilter 실행
2025-09-09 11:13:24.282 INFO  [main] com.nhnacademy.chap02.HttpRequest - MyPage 필터 추가
2025-09-09 11:13:24.282 INFO  [main] com.nhnacademy.chap02.HttpRequest - AdminPage 필터 추가
2025-09-09 11:13:24.282 INFO  [main] com.nhnacademy.chap02.HttpRequest - OrderPage 필터 추가
2025-09-09 11:13:24.282 INFO  [main] com.nhnacademy.chap02.HttpRequest - /main -> doFilter 실행
2025-09-09 11:14:43.139 INFO  [main] com.nhnacademy.chap02.HttpRequest - MyPage 필터 추가
2025-09-09 11:14:43.140 INFO  [main] com.nhnacademy.chap02.HttpRequest - AdminPage 필터 추가
2025-09-09 11:14:43.141 INFO  [main] com.nhnacademy.chap02.HttpRequest - OrderPage 필터 추가
2025-09-09 11:14:43.141 INFO  [main] com.nhnacademy.chap02.HttpRequest - /mypage -> doFilter 실행
2025-09-09 11:14:43.143 INFO  [main] com.nhnacademy.chap02.HttpRequest - MyPage 필터 추가
2025-09-09 11:14:43.143 INFO  [main] com.nhnacademy.chap02.HttpRequest - AdminPage 필터 추가
2025-09-09 11:14:43.143 INFO  [main] com.nhnacademy.chap02.HttpRequest - OrderPage 필터 추가
2025-09-09 11:14:43.143 INFO  [main] com.nhnacademy.chap02.HttpRequest - /admin -> doFilter 실행
2025-09-09 11:14:43.144 INFO  [main] com.nhnacademy.chap02.HttpRequest - MyPage 필터 추가
2025-09-09 11:14:43.145 INFO  [main] com.nhnacademy.chap02.HttpRequest - AdminPage 필터 추가
2025-09-09 11:14:43.145 INFO  [main] com.nhnacademy.chap02.HttpRequest - OrderPage 필터 추가
2025-09-09 11:14:43.145 INFO  [main] com.nhnacademy.chap02.HttpRequest - /order -> doFilter 실행
2025-09-09 11:14:43.146 INFO  [main] com.nhnacademy.chap02.HttpRequest - MyPage 필터 추가
2025-09-09 11:14:43.146 INFO  [main] com.nhnacademy.chap02.HttpRequest - AdminPage 필터 추가
2025-09-09 11:14:43.146 INFO  [main] com.nhnacademy.chap02.HttpRequest - OrderPage 필터 추가
2025-09-09 11:14:43.146 INFO  [main] com.nhnacademy.chap02.HttpRequest - /main -> doFilter 실행
2025-09-09 11:15:32.818 INFO  [main] com.nhnacademy.chap02.HttpRequest - MyPage 필터 추가
2025-09-09 11:15:32.819 INFO  [main] com.nhnacademy.chap02.HttpRequest - AdminPage 필터 추가
2025-09-09 11:15:32.819 INFO  [main] com.nhnacademy.chap02.HttpRequest - OrderPage 필터 추가
2025-09-09 11:15:32.819 INFO  [main] com.nhnacademy.chap02.HttpRequest - /mypage -> doFilter 실행
2025-09-09 11:15:32.821 INFO  [main] com.nhnacademy.chap02.HttpRequest - MyPage 필터 추가
2025-09-09 11:15:32.821 INFO  [main] com.nhnacademy.chap02.HttpRequest - AdminPage 필터 추가
2025-09-09 11:15:32.821 INFO  [main] com.nhnacademy.chap02.HttpRequest - OrderPage 필터 추가
2025-09-09 11:15:32.821 INFO  [main] com.nhnacademy.chap02.HttpRequest - /admin -> doFilter 실행
2025-09-09 11:15:32.821 INFO  [main] com.nhnacademy.chap02.HttpRequest - MyPage 필터 추가
2025-09-09 11:15:32.822 INFO  [main] com.nhnacademy.chap02.HttpRequest - AdminPage 필터 추가
2025-09-09 11:15:32.822 INFO  [main] com.nhnacademy.chap02.HttpRequest - OrderPage 필터 추가
2025-09-09 11:15:32.822 INFO  [main] com.nhnacademy.chap02.HttpRequest - /order -> doFilter 실행
2025-09-09 11:15:32.822 INFO  [main] com.nhnacademy.chap02.HttpRequest - MyPage 필터 추가
2025-09-09 11:15:32.822 INFO  [main] com.nhnacademy.chap02.HttpRequest - AdminPage 필터 추가
2025-09-09 11:15:32.823 INFO  [main] com.nhnacademy.chap02.HttpRequest - OrderPage 필터 추가
2025-09-09 11:15:32.823 INFO  [main] com.nhnacademy.chap02.HttpRequest - /main -> doFilter 실행
2025-09-09 13:51:30.822 INFO  [main] com.nhnacademy.chap02.HttpRequest - MyPage 필터 추가
2025-09-09 13:51:30.823 INFO  [main] com.nhnacademy.chap02.HttpRequest - AdminPage 필터 추가
2025-09-09 13:51:30.823 INFO  [main] com.nhnacademy.chap02.HttpRequest - OrderPage 필터 추가
2025-09-09 13:51:30.824 INFO  [main] com.nhnacademy.chap02.HttpRequest - /mypage -> doFilter 실행
2025-09-09 13:51:30.827 INFO  [main] com.nhnacademy.chap02.HttpRequest - MyPage 필터 추가
2025-09-09 13:51:30.827 INFO  [main] com.nhnacademy.chap02.HttpRequest - AdminPage 필터 추가
2025-09-09 13:51:30.827 INFO  [main] com.nhnacademy.chap02.HttpRequest - OrderPage 필터 추가
2025-09-09 13:51:30.827 INFO  [main] com.nhnacademy.chap02.HttpRequest - /admin -> doFilter 실행
2025-09-09 13:51:30.828 INFO  [main] com.nhnacademy.chap02.HttpRequest - MyPage 필터 추가
2025-09-09 13:51:30.828 INFO  [main] com.nhnacademy.chap02.HttpRequest - AdminPage 필터 추가
2025-09-09 13:51:30.828 INFO  [main] com.nhnacademy.chap02.HttpRequest - OrderPage 필터 추가
2025-09-09 13:51:30.828 INFO  [main] com.nhnacademy.chap02.HttpRequest - /order -> doFilter 실행
2025-09-09 13:51:30.829 INFO  [main] com.nhnacademy.chap02.HttpRequest - MyPage 필터 추가
2025-09-09 13:51:30.829 INFO  [main] com.nhnacademy.chap02.HttpRequest - AdminPage 필터 추가
2025-09-09 13:51:30.830 INFO  [main] com.nhnacademy.chap02.HttpRequest - OrderPage 필터 추가
2025-09-09 13:51:30.830 INFO  [main] com.nhnacademy.chap02.HttpRequest - /main -> doFilter 실행
2025-09-09 13:51:59.374 INFO  [main] com.nhnacademy.chap02.HttpRequest - MyPage 필터 추가
2025-09-09 13:51:59.374 INFO  [main] com.nhnacademy.chap02.HttpRequest - AdminPage 필터 추가
2025-09-09 13:51:59.375 INFO  [main] com.nhnacademy.chap02.HttpRequest - OrderPage 필터 추가
2025-09-09 13:51:59.375 INFO  [main] com.nhnacademy.chap02.HttpRequest - /mypage -> doFilter 실행
2025-09-09 13:51:59.376 INFO  [main] com.nhnacademy.chap02.HttpRequest - MyPage 필터 추가
2025-09-09 13:51:59.376 INFO  [main] com.nhnacademy.chap02.HttpRequest - AdminPage 필터 추가
2025-09-09 13:51:59.376 INFO  [main] com.nhnacademy.chap02.HttpRequest - OrderPage 필터 추가
2025-09-09 13:51:59.376 INFO  [main] com.nhnacademy.chap02.HttpRequest - /admin -> doFilter 실행
2025-09-09 13:51:59.377 INFO  [main] com.nhnacademy.chap02.HttpRequest - MyPage 필터 추가
2025-09-09 13:51:59.377 INFO  [main] com.nhnacademy.chap02.HttpRequest - AdminPage 필터 추가
2025-09-09 13:51:59.377 INFO  [main] com.nhnacademy.chap02.HttpRequest - OrderPage 필터 추가
2025-09-09 13:51:59.377 INFO  [main] com.nhnacademy.chap02.HttpRequest - /order -> doFilter 실행
2025-09-09 13:51:59.378 INFO  [main] com.nhnacademy.chap02.HttpRequest - MyPage 필터 추가
2025-09-09 13:51:59.378 INFO  [main] com.nhnacademy.chap02.HttpRequest - AdminPage 필터 추가
2025-09-09 13:51:59.378 INFO  [main] com.nhnacademy.chap02.HttpRequest - OrderPage 필터 추가
2025-09-09 13:51:59.378 INFO  [main] com.nhnacademy.chap02.HttpRequest - /main -> doFilter 실행
2025-09-09 13:52:34.615 INFO  [main] com.nhnacademy.chap02.HttpRequest - MyPage 필터 추가
2025-09-09 13:52:34.615 INFO  [main] com.nhnacademy.chap02.HttpRequest - AdminPage 필터 추가
2025-09-09 13:52:34.615 INFO  [main] com.nhnacademy.chap02.HttpRequest - OrderPage 필터 추가
2025-09-09 13:52:34.616 INFO  [main] com.nhnacademy.chap02.HttpRequest - /mypage -> doFilter 실행
2025-09-09 13:52:34.616 INFO  [main] com.nhnacademy.chap02.HttpRequest - /admin -> doFilter 실행
2025-09-09 13:52:34.617 INFO  [main] com.nhnacademy.chap02.HttpRequest - /order -> doFilter 실행
2025-09-09 13:52:34.617 INFO  [main] com.nhnacademy.chap02.HttpRequest - /main -> doFilter 실행
2025-09-09 13:54:18.291 INFO  [main] com.nhnacademy.chap02.HttpRequest - MyPage 필터 추가
2025-09-09 13:54:18.291 INFO  [main] com.nhnacademy.chap02.HttpRequest - AdminPage 필터 추가
2025-09-09 13:54:18.292 INFO  [main] com.nhnacademy.chap02.HttpRequest - OrderPage 필터 추가
2025-09-09 13:54:18.292 INFO  [main] com.nhnacademy.chap02.HttpRequest - /mypage -> doFilter 실행
2025-09-09 13:54:18.293 INFO  [main] com.nhnacademy.chap02.HttpRequest - /admin -> doFilter 실행
2025-09-09 13:54:18.294 INFO  [main] com.nhnacademy.chap02.HttpRequest - /order -> doFilter 실행
2025-09-09 13:54:18.294 INFO  [main] com.nhnacademy.chap02.HttpRequest - /main -> doFilter 실행
